<?xml version="1.0" encoding="UTF-8"?>
<!-- Generated by org.testng.reporters.JUnitXMLReporter -->
<testsuite ignored="18" hostname="DESKTOP-EPVRCR4" failures="1" tests="13" name="Contact List App Tests" time="113.661" errors="0" timestamp="2025-04-27T22:51:59 IST">
  <testcase classname="test.TC_001_SignupTest" name="verifySignupNegativeScenario" time="0.02"/>
  <testcase classname="test.TC_001_SignupTest" name="verifySignupNegativeScenario" time="2.577"/>
  <testcase classname="test.TC_001_SignupTest" name="verifySignupPositiveScenario" time="2.869"/>
  <testcase classname="test.TC_001_SignupTest" name="verifySignupPositiveScenario" time="0.003"/>
  <testcase classname="test.TC_002_LoginTest" name="verifyLogin" time="0.683"/>
  <testcase classname="test.TC_003_AddContactMandatoryFieldsTest" name="addContactWithMandatoryFields" time="4.115"/>
  <testcase classname="test.TC_004_MandatoryAndSomeOptionalTest" name="addContactWithMandatoryAndSomeOptionalFields" time="5.201"/>
  <testcase classname="test.TC_005_DuplicateContactTest" name="testDuplicateContactAddition" time="4.435">
    <failure type="java.lang.AssertionError" message="Duplicate contact was incorrectly added to the contact list.">
      <![CDATA[java.lang.AssertionError: Duplicate contact was incorrectly added to the contact list.
at test.TC_005_DuplicateContactTest.testDuplicateContactAddition(TC_005_DuplicateContactTest.java:60)
at java.base/java.util.ArrayList.forEach(ArrayList.java:1596)
... Removed 26 stack frames]]>
    </failure>
  </testcase> <!-- testDuplicateContactAddition -->
  <testcase classname="test.TC_006_InvalidBirthdateFormatTest" name="testInvalidBirthdateFormat" time="3.506"/>
  <testcase classname="test.TC_007_VerifyContactDetailsTest" name="verifyContactDetails" time="4.069"/>
  <testcase classname="test.TC_008_ContactSortTest" name="verifyContactsAlphabeticalOrder" time="10.658"/>
  <testcase classname="test.TC_009_PhoneExtensionTest" name="verifyPhoneNumberWithExtension" time="4.683"/>
  <testcase classname="test.TC_010_ContactEditingTest" name="editContactDetails" time="17.932"/>
  <testcase classname="base.ProjectSpecificationMethods" name="@AfterSuite reportClose" time="0.0">
    <ignored/>
  </testcase> <!-- @AfterSuite reportClose -->
  <testcase classname="base.ProjectSpecificationMethods" name="@BeforeSuite reportInitialization" time="0.0">
    <ignored/>
  </testcase> <!-- @BeforeSuite reportInitialization -->
  <testcase classname="base.ProjectSpecificationMethods" name="@BeforeSuite reportInitialization" time="0.0">
    <ignored/>
  </testcase> <!-- @BeforeSuite reportInitialization -->
  <testcase classname="base.ProjectSpecificationMethods" name="@BeforeSuite reportInitialization" time="0.0">
    <ignored/>
  </testcase> <!-- @BeforeSuite reportInitialization -->
  <testcase classname="base.ProjectSpecificationMethods" name="@AfterSuite reportClose" time="0.0">
    <ignored/>
  </testcase> <!-- @AfterSuite reportClose -->
  <testcase classname="base.ProjectSpecificationMethods" name="@AfterSuite reportClose" time="0.0">
    <ignored/>
  </testcase> <!-- @AfterSuite reportClose -->
  <testcase classname="base.ProjectSpecificationMethods" name="@AfterSuite reportClose" time="0.0">
    <ignored/>
  </testcase> <!-- @AfterSuite reportClose -->
  <testcase classname="base.ProjectSpecificationMethods" name="@BeforeSuite reportInitialization" time="0.0">
    <ignored/>
  </testcase> <!-- @BeforeSuite reportInitialization -->
  <testcase classname="base.ProjectSpecificationMethods" name="@BeforeSuite reportInitialization" time="0.0">
    <ignored/>
  </testcase> <!-- @BeforeSuite reportInitialization -->
  <testcase classname="base.ProjectSpecificationMethods" name="@AfterSuite reportClose" time="0.0">
    <ignored/>
  </testcase> <!-- @AfterSuite reportClose -->
  <testcase classname="base.ProjectSpecificationMethods" name="@AfterSuite reportClose" time="0.0">
    <ignored/>
  </testcase> <!-- @AfterSuite reportClose -->
  <testcase classname="base.ProjectSpecificationMethods" name="@BeforeSuite reportInitialization" time="0.0">
    <ignored/>
  </testcase> <!-- @BeforeSuite reportInitialization -->
  <testcase classname="base.ProjectSpecificationMethods" name="@BeforeSuite reportInitialization" time="0.0">
    <ignored/>
  </testcase> <!-- @BeforeSuite reportInitialization -->
  <testcase classname="base.ProjectSpecificationMethods" name="@AfterSuite reportClose" time="0.0">
    <ignored/>
  </testcase> <!-- @AfterSuite reportClose -->
  <testcase classname="base.ProjectSpecificationMethods" name="@BeforeSuite reportInitialization" time="0.0">
    <ignored/>
  </testcase> <!-- @BeforeSuite reportInitialization -->
  <testcase classname="base.ProjectSpecificationMethods" name="@AfterSuite reportClose" time="0.0">
    <ignored/>
  </testcase> <!-- @AfterSuite reportClose -->
  <testcase classname="base.ProjectSpecificationMethods" name="@BeforeSuite reportInitialization" time="0.0">
    <ignored/>
  </testcase> <!-- @BeforeSuite reportInitialization -->
  <testcase classname="base.ProjectSpecificationMethods" name="@AfterSuite reportClose" time="0.0">
    <ignored/>
  </testcase> <!-- @AfterSuite reportClose -->
</testsuite> <!-- Contact List App Tests -->
